<?xml version="1.0" encoding="UTF-8"?>
<!-- Generated by org.testng.reporters.JUnitReportReporter -->
<testsuite skipped="0" hostname="A-PC" name="selenium.traning.AppTest" tests="1" failures="0" timestamp="16 Mar 2019 14:54:41 GMT" time="0.192" errors="0">
  <testcase name="verifyHeaderofApp1" time="0.192" classname="selenium.traning.AppTest"/>
</testsuite> <!-- selenium.traning.AppTest -->
